<?xml version="1.0" encoding="UTF-8"?>
<!-- Generated by org.testng.reporters.JUnitReportReporter -->
<testsuite hostname="DESKTOP-BRLPTC3" failures="0" tests="2" name="TestZapen" time="9.988" errors="0" timestamp="2025-06-06T07:16:56 EET" skipped="1">
  <testcase classname="TestZapen" name="BookingSubscribeInvalid" time="9.988"/>
  <testcase classname="TestZapen" name="BookingSubscribeValid">
    <skipped/>
  </testcase> <!-- BookingSubscribeValid -->
</testsuite> <!-- TestZapen -->
