<?xml version="1.0" encoding="UTF-8"?>
<!-- Generated by org.testng.reporters.JUnitReportReporter -->
<testsuite hostname="DESKTOP-BRLPTC3" failures="0" tests="14" name="TestCases" time="118.723" errors="0" timestamp="2025-06-08T21:27:07 EET" skipped="0">
  <testcase classname="TestCases" name="CheckTheLanguage" time="0.096"/>
  <testcase classname="TestCases" name="CheckTheCurrency" time="0.067"/>
  <testcase classname="TestCases" name="RandomlyChangeTheLanguage_And_Random_Ar_Or_En_Cities" time="17.648"/>
  <testcase classname="TestCases" name="BookingSubscribeValid" time="3.245"/>
  <testcase classname="TestCases" name="BookingSubscribeInvalid" time="2.667"/>
  <testcase classname="TestCases" name="Search_for_Accommodations" time="12.806"/>
  <testcase classname="TestCases" name="CheckInDate_CheckOutDate" time="0.455"/>
  <testcase classname="TestCases" name="Visitors_Rooms_Children" time="15.418"/>
  <testcase classname="TestCases" name="NavigateToAccommodationDetails" time="8.407"/>
  <testcase classname="TestCases" name="setRandomPriceFilter" time="2.364"/>
  <testcase classname="TestCases" name="sortByRating" time="3.594"/>
  <testcase classname="TestCases" name="BookingProcess" time="13.456"/>
  <testcase classname="TestCases" name="PaymentDetails" time="14.502"/>
  <testcase classname="TestCases" name="FinishThePayment" time="23.998"/>
</testsuite> <!-- TestCases -->
