<?xml version="1.0" encoding="UTF-8"?>
<!-- Generated by org.testng.reporters.JUnitReportReporter -->
<testsuite hostname="DESKTOP-BRLPTC3" failures="0" tests="14" name="TestCases" time="104.633" errors="0" timestamp="2025-06-06T09:15:26 EET" skipped="0">
  <testcase classname="TestCases" name="CheckTheLanguage" time="0.085"/>
  <testcase classname="TestCases" name="CheckTheCurrency" time="0.097"/>
  <testcase classname="TestCases" name="RandomlyChangeTheLanguage_And_Random_Ar_Or_En_Cities" time="20.503"/>
  <testcase classname="TestCases" name="BookingSubscribeValid" time="3.585"/>
  <testcase classname="TestCases" name="BookingSubscribeInvalid" time="2.898"/>
  <testcase classname="TestCases" name="Search_for_Accommodations" time="10.909"/>
  <testcase classname="TestCases" name="CheckInDate_CheckOutDate" time="0.571"/>
  <testcase classname="TestCases" name="Visitors_Rooms_Children" time="16.505"/>
  <testcase classname="TestCases" name="NavigateToAccommodationDetails" time="11.513"/>
  <testcase classname="TestCases" name="setRandomPriceFilter" time="4.844"/>
  <testcase classname="TestCases" name="sortByRating" time="2.031"/>
  <testcase classname="TestCases" name="BookingProcess" time="13.071"/>
  <testcase classname="TestCases" name="PaymentDetails" time="12.093"/>
  <testcase classname="TestCases" name="CorrectPayment" time="5.928"/>
</testsuite> <!-- TestCases -->
